$ next dev --turbopack
   ▲ Next.js 15.5.6 (Turbopack)
   - Local:        http://localhost:3000
   - Network:      http://169.254.0.21:3000

 ✓ Starting...
Attention: Next.js now collects completely anonymous telemetry regarding usage.
This information is used to shape Next.js' roadmap and prioritize features.
You can learn more, including how to opt-out if you'd not like to participate in this anonymous program, by visiting the following URL:
https://nextjs.org/telemetry

 ✓ Ready in 1771ms
 ○ Compiling / ...
 ✓ Compiled / in 6.2s
 ⚠ metadataBase property in metadata export is not set for resolving social open graph or twitter images, using "http://localhost:3000". See https://nextjs.org/docs/app/api-reference/functions/generate-metadata#metadatabase
 GET / 200 in 1328ms
 GET / 200 in 7427ms
 ⚠ Cross origin request detected from docconvert.lindy.site to /_next/* resource. In a future major version of Next.js, you will need to explicitly configure "allowedDevOrigins" in next.config to allow this.
Read more: https://nextjs.org/docs/app/api-reference/config/next-config-js/allowedDevOrigins
 ○ Compiling /favicon.ico ...
 ✓ Compiled /favicon.ico in 680ms
 GET /favicon.ico 200 in 1047ms
 GET / 200 in 120ms
 GET / 200 in 297ms
 GET /favicon.ico 200 in 272ms
 GET / 200 in 373ms
   Reload env: .env.local
 ⚠ metadataBase property in metadata export is not set for resolving social open graph or twitter images, using "http://localhost:3000". See https://nextjs.org/docs/app/api-reference/functions/generate-metadata#metadatabase
 GET / 200 in 1365ms
   Reload env: .env
 ⚠ metadataBase property in metadata export is not set for resolving social open graph or twitter images, using "http://localhost:3000". See https://nextjs.org/docs/app/api-reference/functions/generate-metadata#metadatabase
 GET / 200 in 169ms
   Reload env: .env.local
 ⚠ metadataBase property in metadata export is not set for resolving social open graph or twitter images, using "http://localhost:3000". See https://nextjs.org/docs/app/api-reference/functions/generate-metadata#metadatabase
 GET / 200 in 193ms
   Reload env: .env
 ⚠ metadataBase property in metadata export is not set for resolving social open graph or twitter images, using "http://localhost:3000". See https://nextjs.org/docs/app/api-reference/functions/generate-metadata#metadatabase
 GET / 200 in 183ms
 ✓ Compiled in 257ms
 ⚠ metadataBase property in metadata export is not set for resolving social open graph or twitter images, using "http://localhost:3000". See https://nextjs.org/docs/app/api-reference/functions/generate-metadata#metadatabase
 GET / 200 in 197ms
 GET / 200 in 116ms
 ✓ Compiled in 300ms
 ✓ Compiled / in 41ms
 ⚠ metadataBase property in metadata export is not set for resolving social open graph or twitter images, using "http://localhost:3000". See https://nextjs.org/docs/app/api-reference/functions/generate-metadata#metadatabase
 GET / 200 in 196ms
 ✓ Compiled /api/stats in 225ms
 GET /api/stats 200 in 668ms
 GET /api/stats 200 in 285ms
 ⚠ metadataBase property in metadata export is not set for resolving social open graph or twitter images, using "http://localhost:3000". See https://nextjs.org/docs/app/api-reference/functions/generate-metadata#metadatabase
 GET / 200 in 212ms
 GET /api/stats 200 in 294ms
 GET /api/stats 200 in 318ms
 GET /api/stats 200 in 279ms
 GET /api/stats 200 in 273ms
 GET /api/stats 200 in 277ms
 GET /api/stats 200 in 282ms
 GET /api/stats 200 in 274ms
 GET /api/stats 200 in 292ms
 GET /api/stats 200 in 296ms
 GET /api/stats 200 in 305ms
 GET /api/stats 200 in 575ms
 GET /api/stats 200 in 283ms
 GET /api/stats 200 in 310ms
 GET /api/stats 200 in 284ms
 GET /api/stats 200 in 278ms
 GET /api/stats 200 in 272ms
 GET /api/stats 200 in 277ms
 GET /api/stats 200 in 268ms
 GET /api/stats 200 in 282ms
 GET /api/stats 200 in 274ms
 GET /api/stats 200 in 294ms
 GET /api/stats 200 in 275ms
 GET /api/stats 200 in 334ms
 GET /api/stats 200 in 289ms
 GET /api/stats 200 in 287ms
 GET /api/stats 200 in 277ms
 GET /api/stats 200 in 275ms
 GET /api/stats 200 in 274ms
 GET /api/stats 200 in 265ms
 GET /api/stats 200 in 270ms
 GET /api/stats 200 in 290ms
 GET /api/stats 200 in 394ms
 GET /api/stats 200 in 322ms
 GET /api/stats 200 in 293ms
 GET /api/stats 200 in 269ms
 GET /api/stats 200 in 278ms
 GET /api/stats 200 in 275ms
 GET /api/stats 200 in 272ms
 GET /api/stats 200 in 272ms
 GET /api/stats 200 in 273ms
 GET /api/stats 200 in 271ms
 GET /api/stats 200 in 309ms
 GET /api/stats 200 in 296ms
 GET /api/stats 200 in 286ms
 GET /api/stats 200 in 285ms
 GET /api/stats 200 in 273ms
 GET /api/stats 200 in 275ms
 GET /api/stats 200 in 278ms
 GET /api/stats 200 in 286ms
 GET /api/stats 200 in 278ms
 GET /api/stats 200 in 411ms
 GET /api/stats 200 in 281ms
 GET /api/stats 200 in 274ms
 GET /api/stats 200 in 302ms
 GET / 200 in 1509ms
 GET /api/stats 200 in 291ms
 GET /api/stats 200 in 304ms
 GET /api/stats 200 in 271ms
 GET / 200 in 108ms
 GET /api/stats 200 in 270ms
 ✓ Compiled /api/convert in 363ms
ConvertAPI key not configured. Using mock conversion.
 POST /api/convert 200 in 674ms
 GET /api/stats 200 in 288ms
 GET /api/stats 200 in 288ms
 GET /api/stats 200 in 282ms
 GET /api/stats 200 in 293ms
 GET /api/stats 200 in 278ms
 GET /api/stats 200 in 309ms
 GET /api/stats 200 in 294ms
 GET /api/stats 200 in 273ms
 GET /api/stats 200 in 273ms
 GET /api/stats 200 in 292ms
 GET /api/stats 200 in 277ms
 GET /api/stats 200 in 273ms
 GET /api/stats 200 in 272ms
 GET / 200 in 315ms
 GET /api/stats 200 in 272ms
 GET /api/stats 200 in 284ms
 GET /api/stats 200 in 417ms
 GET /api/stats 200 in 311ms
 GET /api/stats 200 in 287ms
 GET /api/stats 200 in 273ms
 GET /api/stats 200 in 274ms
 GET /api/stats 200 in 276ms
 GET /api/stats 200 in 273ms
 GET /api/stats 200 in 272ms
 GET /api/stats 200 in 273ms
 GET /api/stats 200 in 292ms
 GET /api/stats 200 in 270ms
 GET /api/stats 200 in 274ms
 GET /api/stats 200 in 326ms
 GET /api/stats 200 in 273ms
 GET /api/stats 200 in 291ms
 GET /api/stats 200 in 276ms
 GET /api/stats 200 in 452ms
 GET /api/stats 200 in 290ms
 GET / 200 in 147ms
 GET / 200 in 119ms
 GET / 200 in 100ms
 GET /api/stats 200 in 281ms
 GET /api/stats 200 in 270ms
 GET /api/stats 200 in 296ms
 GET /api/stats 200 in 265ms
 GET /api/stats 200 in 354ms
 GET /api/stats 200 in 302ms
 GET /api/stats 200 in 295ms
 GET /api/stats 200 in 301ms
 GET /api/stats 200 in 292ms
 GET /api/stats 200 in 281ms
 GET /api/stats 200 in 276ms
 GET /api/stats 200 in 301ms
 GET /api/stats 200 in 275ms
 GET /api/stats 200 in 280ms
 GET /api/stats 200 in 384ms
 GET /api/stats 200 in 290ms
 GET /api/stats 200 in 296ms
 GET /api/stats 200 in 284ms
 GET /api/stats 200 in 292ms
 GET /api/stats 200 in 284ms
 GET /api/stats 200 in 280ms
 GET /api/stats 200 in 298ms
 GET /api/stats 200 in 426ms
 GET /api/stats 200 in 278ms
 GET /api/stats 200 in 292ms
 GET /api/stats 200 in 279ms
 GET /api/stats 200 in 335ms
 GET /api/stats 200 in 276ms
 GET /api/stats 200 in 287ms
 GET /api/stats 200 in 275ms
 GET /api/stats 200 in 477ms
 GET /api/stats 200 in 344ms
 GET /api/stats 200 in 289ms
 ○ Compiling /_not-found/page ...
 ✓ Compiled /_not-found/page in 872ms
 GET /robots.txt 404 in 1177ms
 GET / 200 in 272ms
 GET / 200 in 429ms
 GET /api/stats 200 in 331ms
 GET /api/stats 200 in 284ms
 GET /api/stats 200 in 295ms
 GET /api/stats 200 in 270ms
